2021-09-24 16:25:44 INFO     Datensatz wurde erfolgreich Aktualisiert
2021-09-24 16:28:42 INFO     Datensatz wurde erfolgreich erstellt
2021-09-24 16:28:42 INFO     Consumcounter + 1
2021-09-24 16:28:43 INFO     Datensatz wurde erfolgreich Aktualisiert
2021-09-24 16:28:43 INFO     Consumcounter + 1
2021-09-24 16:30:11 INFO     Datensatz wurde erfolgreich Aktualisiert
2021-09-24 16:30:20 INFO     Datensatz wurde erfolgreich Aktualisiert
2021-09-24 16:31:19 INFO     Datensatz wurde erfolgreich Aktualisiert
2021-09-24 16:31:19 INFO     Consumcounter: :consum 
2021-09-24 16:31:23 INFO     Datensatz wurde erfolgreich Aktualisiert
2021-09-24 16:31:23 INFO     Consumcounter: :consum 
2021-09-24 16:31:41 INFO     Datensatz wurde erfolgreich Aktualisiert
2021-09-24 16:31:41 INFO     Consumcounter: =:consum 
2021-09-24 16:31:41 INFO     Datensatz wurde erfolgreich Aktualisiert
2021-09-24 16:31:41 INFO     Consumcounter: =:consum 
2021-09-24 16:35:50 INFO     Datensatz wurde erfolgreich Aktualisiert
2021-09-24 16:35:50 INFO     Consumcounter: +1
2021-09-24 16:37:44 INFO     Datensatz wurde erfolgreich Aktualisiert
2021-09-24 16:37:44 INFO     Consumcounter: +1
2021-09-24 16:50:47 INFO     Datensatz wurde erfolgreich erstellt
2021-09-24 16:50:47 INFO     Consumcounter: +1
2021-09-24 16:50:48 INFO     Datensatz wurde erfolgreich Aktualisiert
2021-09-24 16:50:48 INFO     Consumcounter: +1
2021-09-24 16:53:34 INFO     Datensatz wurde erfolgreich Aktualisiert
2021-09-24 16:53:34 INFO     Consumcounter: +1
2021-09-24 16:53:38 INFO     Datensatz wurde erfolgreich erstellt
2021-09-24 16:53:38 INFO     Consumcounter: +1
2021-09-24 16:53:39 INFO     Datensatz wurde erfolgreich Aktualisiert
2021-09-24 16:53:39 INFO     Consumcounter: +1
2021-09-24 17:03:11 INFO     Datensatz wurde erfolgreich Aktualisiert
2021-09-24 17:03:11 INFO     Consumcounter: +1
2021-09-24 17:03:12 INFO     Datensatz wurde erfolgreich Aktualisiert
2021-09-24 17:03:12 INFO     Consumcounter: +1
2021-09-24 17:03:13 INFO     Datensatz wurde erfolgreich Aktualisiert
2021-09-24 17:03:13 INFO     Consumcounter: +1
2021-09-24 17:25:13 INFO     Datensatz wurde erfolgreich Aktualisiert
2021-09-24 17:25:13 INFO     Consumcounter: +1
